c:\users\c_you\documents\aie\yr 2\term 1\dreadenginemk2\dreadenginemk2\debug\vc142.pdb
c:\users\c_you\documents\aie\yr 2\term 1\dreadenginemk2\dreadenginemk2\debug\vc142.idb
c:\users\c_you\documents\aie\yr 2\term 1\dreadenginemk2\dreadenginemk2\debug\gl_core_4_5.obj
c:\users\c_you\documents\aie\yr 2\term 1\dreadenginemk2\dreadenginemk2\debug\window.obj
c:\users\c_you\documents\aie\yr 2\term 1\dreadenginemk2\dreadenginemk2\debug\dreadenginemk2.obj
c:\users\c_you\documents\aie\yr 2\term 1\dreadenginemk2\dreadenginemk2\debug\application3d.obj
c:\users\c_you\documents\aie\yr 2\term 1\dreadenginemk2\dreadenginemk2\debug\shader.obj
c:\users\c_you\documents\aie\yr 2\term 1\dreadenginemk2\dreadenginemk2\debug\flycamera.obj
c:\users\c_you\documents\aie\yr 2\term 1\dreadenginemk2\dreadenginemk2\debug\camera.obj
c:\users\c_you\documents\aie\yr 2\term 1\dreadenginemk2\dreadenginemk2\debug\texturemanger.obj
c:\users\c_you\documents\aie\yr 2\term 1\dreadenginemk2\dreadenginemk2\debug\texture.obj
c:\users\c_you\documents\aie\yr 2\term 1\dreadenginemk2\dreadenginemk2\debug\primitives.obj
c:\users\c_you\documents\aie\yr 2\term 1\dreadenginemk2\dreadenginemk2\debug\meshmanager.obj
c:\users\c_you\documents\aie\yr 2\term 1\dreadenginemk2\dreadenginemk2\debug\mesh.obj
c:\users\c_you\documents\aie\yr 2\term 1\dreadenginemk2\dreadenginemk2\debug\objectmanager.obj
c:\users\c_you\documents\aie\yr 2\term 1\dreadenginemk2\dreadenginemk2\debug\object.obj
c:\users\c_you\documents\aie\yr 2\term 1\dreadenginemk2\debug\dreadenginemk2.exe
c:\users\c_you\documents\aie\yr 2\term 1\dreadenginemk2\debug\dreadenginemk2.ilk
c:\users\c_you\documents\aie\yr 2\term 1\dreadenginemk2\debug\dreadenginemk2.pdb
c:\users\c_you\documents\aie\yr 2\term 1\dreadenginemk2\dreadenginemk2\debug\dreadenginemk2.obj.enc
c:\users\c_you\documents\aie\yr 2\term 1\dreadenginemk2\dreadenginemk2\debug\dreadenginemk2.tlog\cl.command.1.tlog
c:\users\c_you\documents\aie\yr 2\term 1\dreadenginemk2\dreadenginemk2\debug\dreadenginemk2.tlog\cl.read.1.tlog
c:\users\c_you\documents\aie\yr 2\term 1\dreadenginemk2\dreadenginemk2\debug\dreadenginemk2.tlog\cl.write.1.tlog
c:\users\c_you\documents\aie\yr 2\term 1\dreadenginemk2\dreadenginemk2\debug\dreadenginemk2.tlog\link.command.1.tlog
c:\users\c_you\documents\aie\yr 2\term 1\dreadenginemk2\dreadenginemk2\debug\dreadenginemk2.tlog\link.read.1.tlog
c:\users\c_you\documents\aie\yr 2\term 1\dreadenginemk2\dreadenginemk2\debug\dreadenginemk2.tlog\link.write.1.tlog
